<?xml version="1.0" encoding="UTF-8"?>
<!-- Generated by org.testng.reporters.JUnitXMLReporter -->
<testsuite ignored="0" hostname="Sathish" failures="1" tests="4" name="Facebook" time="96.343" errors="0" timestamp="2021-06-20T23:41:02 IST">
  <testcase classname="com.FYR.Test.FbLoginTest" name="fbLogin" time="0.038">
    <failure type="java.lang.IllegalArgumentException" message="Keys to send should be a not null CharSequence">
      <![CDATA[java.lang.IllegalArgumentException: Keys to send should be a not null CharSequence
at org.openqa.selenium.remote.RemoteWebElement.sendKeys(RemoteWebElement.java:97)
at com.FYG.pages.FaceBookLogin.login(FaceBookLogin.java:28)
at com.FYR.Test.FbLoginTest.fbLogin(FbLoginTest.java:21)
at java.base/java.util.ArrayList.forEach(ArrayList.java:1511)
at java.base/java.util.concurrent.FutureTask.run(FutureTask.java:264)
at java.base/java.util.concurrent.ThreadPoolExecutor.runWorker(ThreadPoolExecutor.java:1130)
at java.base/java.util.concurrent.ThreadPoolExecutor$Worker.run(ThreadPoolExecutor.java:630)
at java.base/java.lang.Thread.run(Thread.java:832)
... Removed 18 stack frames]]>
    </failure>
  </testcase> <!-- fbLogin -->
  <testcase classname="com.FYR.Test.FbLoginTest" name="fbLogin" time="0.253"/>
  <testcase classname="com.FYR.Test.FbLoginTest" name="fbLogin" time="0.449"/>
  <testcase classname="com.FYR.Test.FbLoginTest" name="fbLogin" time="0.602"/>
</testsuite> <!-- Facebook -->
