<?xml version="1.0" encoding="UTF-8"?>
<testng-results ignored="0" total="8" passed="6" failed="2" skipped="0">
  <reporter-output>
  </reporter-output>
  <suite started-at="2021-06-20T23:39:25 IST" name="Suite" finished-at="2021-06-20T23:43:04 IST" duration-ms="218714">
    <groups>
    </groups>
    <test started-at="2021-06-20T23:39:25 IST" name="Facebook" finished-at="2021-06-20T23:41:02 IST" duration-ms="96343">
      <class name="com.FYR.Test.FbLoginTest">
        <test-method is-config="true" signature="setUP(java.lang.String,java.lang.String)[pri:0, instance:com.FYR.Test.FbLoginTest@76c3e77a]" started-at="2021-06-20T23:39:26 IST" name="setUP" finished-at="2021-06-20T23:39:33 IST" duration-ms="7216" status="PASS">
          <params>
            <param index="0">
              <value>
                <![CDATA[chrome]]>
              </value>
            </param>
            <param index="1">
              <value>
                <![CDATA[Facebook]]>
              </value>
            </param>
          </params>
          <reporter-output>
          </reporter-output>
        </test-method> <!-- setUP -->
        <test-method signature="fbLogin(java.lang.String,java.lang.String,java.lang.String)[pri:0, instance:com.FYR.Test.FbLoginTest@76c3e77a]" started-at="2021-06-20T23:39:33 IST" name="fbLogin" data-provider="facebookLogin" finished-at="2021-06-20T23:39:33 IST" duration-ms="38" status="FAIL">
          <params>
            <param index="0">
              <value is-null="true"/>
            </param>
            <param index="1">
              <value is-null="true"/>
            </param>
            <param index="2">
              <value is-null="true"/>
            </param>
          </params>
          <exception class="java.lang.IllegalArgumentException">
            <message>
              <![CDATA[Keys to send should be a not null CharSequence]]>
            </message>
            <full-stacktrace>
              <![CDATA[java.lang.IllegalArgumentException: Keys to send should be a not null CharSequence
at org.openqa.selenium.remote.RemoteWebElement.sendKeys(RemoteWebElement.java:97)
at com.FYG.pages.FaceBookLogin.login(FaceBookLogin.java:28)
at com.FYR.Test.FbLoginTest.fbLogin(FbLoginTest.java:21)
at java.base/jdk.internal.reflect.NativeMethodAccessorImpl.invoke0(Native Method)
at java.base/jdk.internal.reflect.NativeMethodAccessorImpl.invoke(NativeMethodAccessorImpl.java:64)
at java.base/jdk.internal.reflect.DelegatingMethodAccessorImpl.invoke(DelegatingMethodAccessorImpl.java:43)
at java.base/java.lang.reflect.Method.invoke(Method.java:564)
at org.testng.internal.MethodInvocationHelper.invokeMethod(MethodInvocationHelper.java:133)
at org.testng.internal.TestInvoker.invokeMethod(TestInvoker.java:598)
at org.testng.internal.TestInvoker.invokeTestMethod(TestInvoker.java:173)
at org.testng.internal.MethodRunner.runInSequence(MethodRunner.java:46)
at org.testng.internal.TestInvoker$MethodInvocationAgent.invoke(TestInvoker.java:824)
at org.testng.internal.TestInvoker.invokeTestMethods(TestInvoker.java:146)
at org.testng.internal.TestMethodWorker.invokeTestMethods(TestMethodWorker.java:146)
at org.testng.internal.TestMethodWorker.run(TestMethodWorker.java:128)
at java.base/java.util.ArrayList.forEach(ArrayList.java:1511)
at org.testng.TestRunner.privateRun(TestRunner.java:794)
at org.testng.TestRunner.run(TestRunner.java:596)
at org.testng.SuiteRunner.runTest(SuiteRunner.java:377)
at org.testng.SuiteRunner.access$000(SuiteRunner.java:28)
at org.testng.SuiteRunner$SuiteWorker.run(SuiteRunner.java:418)
at org.testng.internal.thread.ThreadUtil.lambda$execute$0(ThreadUtil.java:64)
at java.base/java.util.concurrent.FutureTask.run(FutureTask.java:264)
at java.base/java.util.concurrent.ThreadPoolExecutor.runWorker(ThreadPoolExecutor.java:1130)
at java.base/java.util.concurrent.ThreadPoolExecutor$Worker.run(ThreadPoolExecutor.java:630)
at java.base/java.lang.Thread.run(Thread.java:832)
]]>
            </full-stacktrace>
          </exception> <!-- java.lang.IllegalArgumentException -->
          <reporter-output>
          </reporter-output>
        </test-method> <!-- fbLogin -->
        <test-method is-config="true" signature="tearDown()[pri:0, instance:com.FYR.Test.FbLoginTest@76c3e77a]" started-at="2021-06-20T23:39:33 IST" name="tearDown" finished-at="2021-06-20T23:39:38 IST" duration-ms="4087" status="PASS">
          <reporter-output>
          </reporter-output>
        </test-method> <!-- tearDown -->
        <test-method is-config="true" signature="setUP(java.lang.String,java.lang.String)[pri:0, instance:com.FYR.Test.FbLoginTest@76c3e77a]" started-at="2021-06-20T23:39:38 IST" name="setUP" finished-at="2021-06-20T23:40:09 IST" duration-ms="31140" status="PASS">
          <params>
            <param index="0">
              <value>
                <![CDATA[chrome]]>
              </value>
            </param>
            <param index="1">
              <value>
                <![CDATA[Facebook]]>
              </value>
            </param>
          </params>
          <reporter-output>
          </reporter-output>
        </test-method> <!-- setUP -->
        <test-method signature="fbLogin(java.lang.String,java.lang.String,java.lang.String)[pri:0, instance:com.FYR.Test.FbLoginTest@76c3e77a]" started-at="2021-06-20T23:40:09 IST" name="fbLogin" data-provider="facebookLogin" finished-at="2021-06-20T23:40:09 IST" duration-ms="253" status="PASS">
          <params>
            <param index="0">
              <value>
                <![CDATA[1.0]]>
              </value>
            </param>
            <param index="1">
              <value>
                <![CDATA[sekar0111@gmail.com]]>
              </value>
            </param>
            <param index="2">
              <value>
                <![CDATA[0915136]]>
              </value>
            </param>
          </params>
          <reporter-output>
          </reporter-output>
        </test-method> <!-- fbLogin -->
        <test-method is-config="true" signature="tearDown()[pri:0, instance:com.FYR.Test.FbLoginTest@76c3e77a]" started-at="2021-06-20T23:40:09 IST" name="tearDown" finished-at="2021-06-20T23:40:11 IST" duration-ms="1841" status="PASS">
          <reporter-output>
          </reporter-output>
        </test-method> <!-- tearDown -->
        <test-method is-config="true" signature="setUP(java.lang.String,java.lang.String)[pri:0, instance:com.FYR.Test.FbLoginTest@76c3e77a]" started-at="2021-06-20T23:40:11 IST" name="setUP" finished-at="2021-06-20T23:40:34 IST" duration-ms="23710" status="PASS">
          <params>
            <param index="0">
              <value>
                <![CDATA[chrome]]>
              </value>
            </param>
            <param index="1">
              <value>
                <![CDATA[Facebook]]>
              </value>
            </param>
          </params>
          <reporter-output>
          </reporter-output>
        </test-method> <!-- setUP -->
        <test-method signature="fbLogin(java.lang.String,java.lang.String,java.lang.String)[pri:0, instance:com.FYR.Test.FbLoginTest@76c3e77a]" started-at="2021-06-20T23:40:34 IST" name="fbLogin" data-provider="facebookLogin" finished-at="2021-06-20T23:40:35 IST" duration-ms="449" status="PASS">
          <params>
            <param index="0">
              <value>
                <![CDATA[2.0]]>
              </value>
            </param>
            <param index="1">
              <value>
                <![CDATA[sekar0111@gmail.com]]>
              </value>
            </param>
            <param index="2">
              <value>
                <![CDATA[123456]]>
              </value>
            </param>
          </params>
          <reporter-output>
          </reporter-output>
        </test-method> <!-- fbLogin -->
        <test-method is-config="true" signature="tearDown()[pri:0, instance:com.FYR.Test.FbLoginTest@76c3e77a]" started-at="2021-06-20T23:40:35 IST" name="tearDown" finished-at="2021-06-20T23:40:36 IST" duration-ms="980" status="PASS">
          <reporter-output>
          </reporter-output>
        </test-method> <!-- tearDown -->
        <test-method is-config="true" signature="setUP(java.lang.String,java.lang.String)[pri:0, instance:com.FYR.Test.FbLoginTest@76c3e77a]" started-at="2021-06-20T23:40:36 IST" name="setUP" finished-at="2021-06-20T23:40:57 IST" duration-ms="20587" status="PASS">
          <params>
            <param index="0">
              <value>
                <![CDATA[chrome]]>
              </value>
            </param>
            <param index="1">
              <value>
                <![CDATA[Facebook]]>
              </value>
            </param>
          </params>
          <reporter-output>
          </reporter-output>
        </test-method> <!-- setUP -->
        <test-method signature="fbLogin(java.lang.String,java.lang.String,java.lang.String)[pri:0, instance:com.FYR.Test.FbLoginTest@76c3e77a]" started-at="2021-06-20T23:40:57 IST" name="fbLogin" data-provider="facebookLogin" finished-at="2021-06-20T23:40:57 IST" duration-ms="602" status="PASS">
          <params>
            <param index="0">
              <value>
                <![CDATA[3.0]]>
              </value>
            </param>
            <param index="1">
              <value>
                <![CDATA[sekar2038@gmail.com]]>
              </value>
            </param>
            <param index="2">
              <value>
                <![CDATA[915136]]>
              </value>
            </param>
          </params>
          <reporter-output>
          </reporter-output>
        </test-method> <!-- fbLogin -->
        <test-method is-config="true" signature="tearDown()[pri:0, instance:com.FYR.Test.FbLoginTest@76c3e77a]" started-at="2021-06-20T23:40:57 IST" name="tearDown" finished-at="2021-06-20T23:41:02 IST" duration-ms="4606" status="PASS">
          <reporter-output>
          </reporter-output>
        </test-method> <!-- tearDown -->
      </class> <!-- com.FYR.Test.FbLoginTest -->
    </test> <!-- Facebook -->
    <test started-at="2021-06-20T23:39:25 IST" name="Youtube" finished-at="2021-06-20T23:43:04 IST" duration-ms="218714">
      <class name="com.FYR.Test.YouTubeTest">
        <test-method is-config="true" signature="setUP(java.lang.String,java.lang.String)[pri:0, instance:com.FYR.Test.YouTubeTest@659499f1]" started-at="2021-06-20T23:39:26 IST" name="setUP" finished-at="2021-06-20T23:40:07 IST" duration-ms="40332" status="PASS">
          <params>
            <param index="0">
              <value>
                <![CDATA[FF]]>
              </value>
            </param>
            <param index="1">
              <value>
                <![CDATA[Youtube]]>
              </value>
            </param>
          </params>
          <reporter-output>
          </reporter-output>
        </test-method> <!-- setUP -->
        <test-method signature="doSearch(java.lang.String,java.lang.String)[pri:0, instance:com.FYR.Test.YouTubeTest@659499f1]" started-at="2021-06-20T23:40:07 IST" name="doSearch" data-provider="testData" finished-at="2021-06-20T23:40:07 IST" duration-ms="718" status="FAIL">
          <params>
            <param index="0">
              <value is-null="true"/>
            </param>
            <param index="1">
              <value is-null="true"/>
            </param>
          </params>
          <exception class="java.lang.IllegalArgumentException">
            <message>
              <![CDATA[Keys to send should be a not null CharSequence]]>
            </message>
            <full-stacktrace>
              <![CDATA[java.lang.IllegalArgumentException: Keys to send should be a not null CharSequence
at org.openqa.selenium.remote.RemoteWebElement.sendKeys(RemoteWebElement.java:97)
at com.FYG.pages.Youtube.searchUTube(Youtube.java:19)
at com.FYR.Test.YouTubeTest.doSearch(YouTubeTest.java:19)
at java.base/jdk.internal.reflect.NativeMethodAccessorImpl.invoke0(Native Method)
at java.base/jdk.internal.reflect.NativeMethodAccessorImpl.invoke(NativeMethodAccessorImpl.java:64)
at java.base/jdk.internal.reflect.DelegatingMethodAccessorImpl.invoke(DelegatingMethodAccessorImpl.java:43)
at java.base/java.lang.reflect.Method.invoke(Method.java:564)
at org.testng.internal.MethodInvocationHelper.invokeMethod(MethodInvocationHelper.java:133)
at org.testng.internal.TestInvoker.invokeMethod(TestInvoker.java:598)
at org.testng.internal.TestInvoker.invokeTestMethod(TestInvoker.java:173)
at org.testng.internal.MethodRunner.runInSequence(MethodRunner.java:46)
at org.testng.internal.TestInvoker$MethodInvocationAgent.invoke(TestInvoker.java:824)
at org.testng.internal.TestInvoker.invokeTestMethods(TestInvoker.java:146)
at org.testng.internal.TestMethodWorker.invokeTestMethods(TestMethodWorker.java:146)
at org.testng.internal.TestMethodWorker.run(TestMethodWorker.java:128)
at java.base/java.util.ArrayList.forEach(ArrayList.java:1511)
at org.testng.TestRunner.privateRun(TestRunner.java:794)
at org.testng.TestRunner.run(TestRunner.java:596)
at org.testng.SuiteRunner.runTest(SuiteRunner.java:377)
at org.testng.SuiteRunner.access$000(SuiteRunner.java:28)
at org.testng.SuiteRunner$SuiteWorker.run(SuiteRunner.java:418)
at org.testng.internal.thread.ThreadUtil.lambda$execute$0(ThreadUtil.java:64)
at java.base/java.util.concurrent.FutureTask.run(FutureTask.java:264)
at java.base/java.util.concurrent.ThreadPoolExecutor.runWorker(ThreadPoolExecutor.java:1130)
at java.base/java.util.concurrent.ThreadPoolExecutor$Worker.run(ThreadPoolExecutor.java:630)
at java.base/java.lang.Thread.run(Thread.java:832)
]]>
            </full-stacktrace>
          </exception> <!-- java.lang.IllegalArgumentException -->
          <reporter-output>
          </reporter-output>
        </test-method> <!-- doSearch -->
        <test-method is-config="true" signature="tearDown()[pri:0, instance:com.FYR.Test.YouTubeTest@659499f1]" started-at="2021-06-20T23:40:07 IST" name="tearDown" finished-at="2021-06-20T23:41:04 IST" duration-ms="57166" status="PASS">
          <reporter-output>
          </reporter-output>
        </test-method> <!-- tearDown -->
        <test-method is-config="true" signature="setUP(java.lang.String,java.lang.String)[pri:0, instance:com.FYR.Test.YouTubeTest@659499f1]" started-at="2021-06-20T23:41:04 IST" name="setUP" finished-at="2021-06-20T23:41:38 IST" duration-ms="33825" status="PASS">
          <params>
            <param index="0">
              <value>
                <![CDATA[FF]]>
              </value>
            </param>
            <param index="1">
              <value>
                <![CDATA[Youtube]]>
              </value>
            </param>
          </params>
          <reporter-output>
          </reporter-output>
        </test-method> <!-- setUP -->
        <test-method signature="doSearch(java.lang.String,java.lang.String)[pri:0, instance:com.FYR.Test.YouTubeTest@659499f1]" started-at="2021-06-20T23:41:38 IST" name="doSearch" data-provider="testData" finished-at="2021-06-20T23:41:39 IST" duration-ms="508" status="PASS">
          <params>
            <param index="0">
              <value>
                <![CDATA[1]]>
              </value>
            </param>
            <param index="1">
              <value>
                <![CDATA[agamator]]>
              </value>
            </param>
          </params>
          <reporter-output>
          </reporter-output>
        </test-method> <!-- doSearch -->
        <test-method is-config="true" signature="tearDown()[pri:0, instance:com.FYR.Test.YouTubeTest@659499f1]" started-at="2021-06-20T23:41:39 IST" name="tearDown" finished-at="2021-06-20T23:41:45 IST" duration-ms="6263" status="PASS">
          <reporter-output>
          </reporter-output>
        </test-method> <!-- tearDown -->
        <test-method is-config="true" signature="setUP(java.lang.String,java.lang.String)[pri:0, instance:com.FYR.Test.YouTubeTest@659499f1]" started-at="2021-06-20T23:41:45 IST" name="setUP" finished-at="2021-06-20T23:42:15 IST" duration-ms="30304" status="PASS">
          <params>
            <param index="0">
              <value>
                <![CDATA[FF]]>
              </value>
            </param>
            <param index="1">
              <value>
                <![CDATA[Youtube]]>
              </value>
            </param>
          </params>
          <reporter-output>
          </reporter-output>
        </test-method> <!-- setUP -->
        <test-method signature="doSearch(java.lang.String,java.lang.String)[pri:0, instance:com.FYR.Test.YouTubeTest@659499f1]" started-at="2021-06-20T23:42:15 IST" name="doSearch" data-provider="testData" finished-at="2021-06-20T23:42:15 IST" duration-ms="63" status="PASS">
          <params>
            <param index="0">
              <value>
                <![CDATA[2]]>
              </value>
            </param>
            <param index="1">
              <value>
                <![CDATA[selenium]]>
              </value>
            </param>
          </params>
          <reporter-output>
          </reporter-output>
        </test-method> <!-- doSearch -->
        <test-method is-config="true" signature="tearDown()[pri:0, instance:com.FYR.Test.YouTubeTest@659499f1]" started-at="2021-06-20T23:42:15 IST" name="tearDown" finished-at="2021-06-20T23:42:22 IST" duration-ms="6742" status="PASS">
          <reporter-output>
          </reporter-output>
        </test-method> <!-- tearDown -->
        <test-method is-config="true" signature="setUP(java.lang.String,java.lang.String)[pri:0, instance:com.FYR.Test.YouTubeTest@659499f1]" started-at="2021-06-20T23:42:22 IST" name="setUP" finished-at="2021-06-20T23:42:55 IST" duration-ms="33347" status="PASS">
          <params>
            <param index="0">
              <value>
                <![CDATA[FF]]>
              </value>
            </param>
            <param index="1">
              <value>
                <![CDATA[Youtube]]>
              </value>
            </param>
          </params>
          <reporter-output>
          </reporter-output>
        </test-method> <!-- setUP -->
        <test-method signature="doSearch(java.lang.String,java.lang.String)[pri:0, instance:com.FYR.Test.YouTubeTest@659499f1]" started-at="2021-06-20T23:42:55 IST" name="doSearch" data-provider="testData" finished-at="2021-06-20T23:42:56 IST" duration-ms="876" status="PASS">
          <params>
            <param index="0">
              <value>
                <![CDATA[3]]>
              </value>
            </param>
            <param index="1">
              <value>
                <![CDATA[selenium]]>
              </value>
            </param>
          </params>
          <reporter-output>
          </reporter-output>
        </test-method> <!-- doSearch -->
        <test-method is-config="true" signature="tearDown()[pri:0, instance:com.FYR.Test.YouTubeTest@659499f1]" started-at="2021-06-20T23:42:56 IST" name="tearDown" finished-at="2021-06-20T23:43:04 IST" duration-ms="7754" status="PASS">
          <reporter-output>
          </reporter-output>
        </test-method> <!-- tearDown -->
      </class> <!-- com.FYR.Test.YouTubeTest -->
    </test> <!-- Youtube -->
  </suite> <!-- Suite -->
</testng-results>
